12-09-2019 08:32:51 INFO  Stock:? - 
Metodo agregarStock

12-09-2019 08:40:40 INFO  Stock:? - 
Metodo agregarStock

12-09-2019 08:40:40 INFO  Stock:? - code: asdf
12-09-2019 08:40:40 INFO  Stock:? - cant: 1
12-09-2019 08:41:03 INFO  Stock:? - 
Metodo agregarStock

12-09-2019 08:41:03 INFO  Stock:? - code: asdf
12-09-2019 08:41:03 INFO  Stock:? - cant: 2
12-09-2019 08:41:15 INFO  Stock:? - 
Metodo agregarStock

12-09-2019 08:41:15 INFO  Stock:? - code: asdf
12-09-2019 08:41:15 INFO  Stock:? - cant: 3
12-09-2019 08:54:24 INFO  Stock:? - 
Metodo agregarStock

12-09-2019 08:54:24 INFO  Stock:? - 
Metodo consultarStock

12-09-2019 08:54:37 INFO  Stock:? - 
Metodo agregarStock

12-09-2019 08:54:37 INFO  Stock:? - 
Metodo consultarStock

12-09-2019 08:54:53 INFO  Stock:? - 
Metodo agregarStock

12-09-2019 08:54:53 INFO  Stock:? - 
Metodo consultarStock

12-09-2019 08:57:11 INFO  Stock:? - 
Metodo agregarStock

12-09-2019 08:57:11 INFO  Stock:? - 
Metodo consultarStock

12-09-2019 08:57:24 INFO  Stock:? - 
Metodo agregarStock

12-09-2019 08:57:24 INFO  Stock:? - 
Metodo consultarStock

12-09-2019 08:57:42 INFO  Stock:? - 
Metodo agregarStock

12-09-2019 08:57:42 INFO  Stock:? - 
Metodo consultarStock

12-09-2019 08:57:54 INFO  Stock:? - 
Metodo agregarStock

12-09-2019 08:57:54 INFO  Stock:? - 
Metodo consultarStock

12-09-2019 08:58:04 INFO  Stock:? - 
Metodo agregarStock

12-09-2019 08:58:04 INFO  Stock:? - 
Metodo consultarStock

12-09-2019 08:58:17 INFO  Stock:? - 
Metodo agregarStock

12-09-2019 08:58:17 INFO  Stock:? - 
Metodo consultarStock

12-09-2019 09:40:25 INFO  Stock:? - 
Metodo agregarStock

12-09-2019 09:40:25 INFO  Stock:? - 
Metodo consultarStock

12-09-2019 09:40:29 INFO  Stock:? - 
Metodo descontarStock

12-09-2019 09:40:29 INFO  Stock:? - 
Metodo consultarStock

12-09-2019 09:58:18 INFO  Stock:? - 
Metodo consultarStock

12-09-2019 09:59:21 INFO  Stock:? - 
Metodo consultarStock

12-09-2019 10:01:46 INFO  Stock:? - 
Metodo consultarStock

12-09-2019 10:01:57 INFO  Stock:? - 
Metodo agregarStock

12-09-2019 10:02:03 INFO  Stock:? - 
Metodo agregarStock

12-09-2019 10:02:05 INFO  Stock:? - 
Metodo descontarStock

12-09-2019 10:02:07 INFO  Stock:? - 
Metodo agregarStock

12-09-2019 10:07:23 INFO  Stock:? - 
Metodo agregarStock

12-09-2019 10:07:41 INFO  Stock:? - 
Metodo consultarStock

12-09-2019 10:07:48 INFO  Stock:? - 
Metodo agregarStock

12-09-2019 10:07:49 INFO  Stock:? - 
Metodo consultarStock

12-09-2019 10:07:52 INFO  Stock:? - 
Metodo agregarStock

12-09-2019 10:07:53 INFO  Stock:? - 
Metodo consultarStock

12-09-2019 10:07:56 INFO  Stock:? - 
Metodo descontarStock

12-09-2019 10:07:58 INFO  Stock:? - 
Metodo consultarStock

12-09-2019 10:08:00 INFO  Stock:? - 
Metodo descontarStock

12-09-2019 10:08:00 INFO  Stock:? - 
Metodo consultarStock

12-09-2019 10:08:01 INFO  Stock:? - 
Metodo descontarStock

12-09-2019 10:08:02 INFO  Stock:? - 
Metodo consultarStock

12-09-2019 10:08:04 INFO  Stock:? - 
Metodo descontarStock

12-09-2019 10:08:11 INFO  Stock:? - 
Metodo descontarStock

12-09-2019 10:11:29 INFO  Stock:? - 
Metodo agregarStock

12-09-2019 10:13:41 INFO  Stock:? - 
Metodo agregarStock

12-09-2019 10:13:46 INFO  Stock:? - 
Metodo consultarStock

12-09-2019 10:14:00 INFO  Stock:? - 
Metodo agregarStock

12-09-2019 10:14:08 INFO  Stock:? - 
Metodo consultarStock

12-09-2019 10:14:16 INFO  Stock:? - 
Metodo agregarStock

12-09-2019 10:14:20 INFO  Stock:? - 
Metodo agregarStock

12-09-2019 10:14:23 INFO  Stock:? - 
Metodo consultarStock

12-09-2019 10:14:35 INFO  Stock:? - 
Metodo consultarStock

12-09-2019 10:14:43 INFO  Stock:? - 
Metodo agregarStock

12-09-2019 10:14:46 INFO  Stock:? - 
Metodo consultarStock

12-09-2019 10:14:52 INFO  Stock:? - 
Metodo agregarStock

12-09-2019 10:14:55 INFO  Stock:? - 
Metodo consultarStock

12-09-2019 10:15:01 INFO  Stock:? - 
Metodo agregarStock

12-09-2019 10:15:04 INFO  Stock:? - 
Metodo consultarStock

12-09-2019 10:23:49 INFO  Stock:? - 
Metodo agregarStock

12-09-2019 10:23:57 INFO  Stock:? - 
Metodo consultarStock

12-09-2019 10:24:01 INFO  Stock:? - 
Metodo agregarStock

12-09-2019 10:24:04 INFO  Stock:? - 
Metodo consultarStock

12-09-2019 10:24:07 INFO  Stock:? - 
Metodo agregarStock

12-09-2019 10:24:10 INFO  Stock:? - 
Metodo consultarStock

12-09-2019 10:24:14 INFO  Stock:? - 
Metodo agregarStock

12-09-2019 10:24:19 INFO  Stock:? - 
Metodo agregarStock

12-09-2019 10:24:22 INFO  Stock:? - 
Metodo agregarStock

12-09-2019 10:24:25 INFO  Stock:? - 
Metodo consultarStock

12-09-2019 10:24:28 INFO  Stock:? - 
Metodo consultarStock

12-09-2019 10:24:34 INFO  Stock:? - 
Metodo agregarStock

12-09-2019 10:24:39 INFO  Stock:? - 
Metodo consultarStock

12-09-2019 10:24:44 INFO  Stock:? - 
Metodo agregarStock

12-09-2019 10:24:53 INFO  Stock:? - 
Metodo consultarStock

12-09-2019 10:24:56 INFO  Stock:? - 
Metodo agregarStock

12-09-2019 10:25:03 INFO  Stock:? - 
Metodo consultarStock

12-09-2019 10:25:06 INFO  Stock:? - 
Metodo consultarStock

12-09-2019 10:25:10 INFO  Stock:? - 
Metodo agregarStock

12-09-2019 10:25:12 INFO  Stock:? - 
Metodo consultarStock

12-09-2019 10:25:16 INFO  Stock:? - 
Metodo consultarStock

12-09-2019 10:25:21 INFO  Stock:? - 
Metodo agregarStock

12-09-2019 10:25:24 INFO  Stock:? - 
Metodo consultarStock

12-09-2019 10:25:27 INFO  Stock:? - 
Metodo consultarStock

12-09-2019 10:25:31 INFO  Stock:? - 
Metodo descontarStock

12-09-2019 10:25:36 INFO  Stock:? - 
Metodo descontarStock

12-09-2019 10:25:38 INFO  Stock:? - 
Metodo consultarStock

12-09-2019 10:25:43 INFO  Stock:? - 
Metodo consultarStock

12-09-2019 10:25:47 INFO  Stock:? - 
Metodo descontarStock

12-09-2019 10:25:50 INFO  Stock:? - 
Metodo descontarStock

12-09-2019 10:25:52 INFO  Stock:? - 
Metodo descontarStock

12-09-2019 10:25:54 INFO  Stock:? - 
Metodo consultarStock

12-09-2019 10:25:57 INFO  Stock:? - 
Metodo consultarStock

12-09-2019 10:26:02 INFO  Stock:? - 
Metodo consultarStock

12-09-2019 10:26:07 INFO  Stock:? - 
Metodo descontarStock

12-09-2019 10:26:10 INFO  Stock:? - 
Metodo descontarStock

12-09-2019 10:26:14 INFO  Stock:? - 
Metodo consultarStock

12-09-2019 10:26:18 INFO  Stock:? - 
Metodo descontarStock

12-09-2019 10:26:25 INFO  Stock:? - 
Metodo descontarStock

12-09-2019 10:26:32 INFO  Stock:? - 
Metodo consultarStock

12-09-2019 10:34:19 INFO  Stock:? - 
Metodo agregarStock

12-09-2019 10:35:13 INFO  Stock:? - 
Metodo agregarStock

12-09-2019 10:35:23 INFO  Stock:? - 
Metodo consultarStock

12-09-2019 10:43:28 INFO  Stock:? - 
Metodo agregarStock

12-09-2019 10:44:57 INFO  Stock:? - 
Metodo agregarStock

12-09-2019 10:45:11 INFO  Stock:? - 
Metodo consultarStock

12-09-2019 10:47:11 INFO  Stock:? - 
Metodo agregarStock

12-09-2019 10:47:19 INFO  Stock:? - 
Metodo consultarStock

12-09-2019 10:50:39 INFO  Stock:? - 
Metodo agregarStock

12-09-2019 10:51:11 INFO  Stock:? - 
Metodo consultarStock

12-09-2019 10:52:21 INFO  Stock:? - 
Metodo agregarStock

12-09-2019 10:52:27 INFO  Stock:? - 
Metodo consultarStock

12-09-2019 10:53:05 INFO  Stock:? - 
Metodo agregarStock

12-09-2019 14:12:13 INFO  Stock:? - 
Metodo agregarStock

12-09-2019 14:20:42 INFO  Stock:? - 
Metodo agregarStock

12-09-2019 14:20:52 INFO  Stock:? - 
Metodo agregarStock

12-09-2019 14:21:01 INFO  Stock:? - 
Metodo agregarStock

12-09-2019 14:21:10 INFO  Stock:? - 
Metodo consultarStock

12-09-2019 14:25:22 INFO  Stock:? - 
Metodo agregarStock

12-09-2019 14:26:55 INFO  Stock:? - 
Metodo agregarStock

12-09-2019 14:27:44 INFO  Stock:? - 
Metodo agregarStock

12-09-2019 14:27:52 INFO  Stock:? - 
Metodo consultarStock

12-09-2019 14:27:59 INFO  Stock:? - 
Metodo agregarStock

12-09-2019 14:28:02 INFO  Stock:? - 
Metodo agregarStock

12-09-2019 14:28:09 INFO  Stock:? - 
Metodo consultarStock

12-09-2019 14:28:14 INFO  Stock:? - 
Metodo agregarStock

12-09-2019 14:28:18 INFO  Stock:? - 
Metodo agregarStock

12-09-2019 14:28:21 INFO  Stock:? - 
Metodo consultarStock

12-09-2019 14:28:27 INFO  Stock:? - 
Metodo consultarStock

12-09-2019 14:28:32 INFO  Stock:? - 
Metodo agregarStock

12-09-2019 14:28:35 INFO  Stock:? - 
Metodo consultarStock

12-09-2019 14:28:40 INFO  Stock:? - 
Metodo consultarStock

12-09-2019 14:28:44 INFO  Stock:? - 
Metodo descontarStock

12-09-2019 14:28:50 INFO  Stock:? - 
Metodo consultarStock

12-09-2019 14:28:53 INFO  Stock:? - 
Metodo descontarStock

12-09-2019 14:28:57 INFO  Stock:? - 
Metodo descontarStock

12-09-2019 14:29:00 INFO  Stock:? - 
Metodo consultarStock

12-09-2019 14:29:05 INFO  Stock:? - 
Metodo descontarStock

12-09-2019 14:29:22 INFO  Stock:? - 
Metodo agregarStock

12-09-2019 14:29:26 INFO  Stock:? - 
Metodo consultarStock

12-09-2019 14:29:33 INFO  Stock:? - 
Metodo consultarStock

12-09-2019 14:29:39 INFO  Stock:? - 
Metodo consultarStock

12-09-2019 14:29:52 INFO  Stock:? - 
Metodo consultarStock

12-09-2019 14:33:34 INFO  Stock:? - 
Metodo agregarStock

12-09-2019 14:33:38 INFO  Stock:? - 
Metodo consultarStock

